TN:
SF:01-requestcount.js
FNF:0
FNH:0
DA:1,1
DA:2,1
DA:3,1
DA:4,1
DA:5,1
DA:6,1
DA:7,1
DA:8,1
DA:9,1
DA:10,1
DA:11,1
DA:12,1
DA:13,12
DA:14,12
DA:15,12
DA:16,1
DA:17,1
DA:18,1
DA:19,10
DA:20,1
DA:21,1
DA:22,1
DA:23,0
DA:24,1
DA:25,1
DA:26,1
DA:27,2
DA:28,1
DA:29,1
DA:30,1
DA:31,1
DA:32,1
DA:33,1
DA:34,1
DA:35,1
LF:35
LH:34
BRDA:12,0,0,12
BRDA:18,1,0,10
BRDA:26,2,0,2
BRF:3
BRH:3
end_of_record
TN:
SF:02-ratelimitter.js
FNF:0
FNH:0
DA:1,1
DA:2,1
DA:3,1
DA:4,1
DA:5,1
DA:6,1
DA:7,1
DA:8,1
DA:9,1
DA:10,1
DA:11,1
DA:12,1
DA:13,1
DA:14,1
DA:15,1
DA:16,2
DA:17,1
DA:18,1
DA:19,1
DA:20,13
DA:21,13
DA:22,13
DA:23,0
DA:24,0
DA:25,13
DA:26,2
DA:27,2
DA:28,11
DA:29,11
DA:30,11
DA:31,13
DA:32,5
DA:33,5
DA:34,8
DA:35,8
DA:36,8
DA:37,13
DA:38,13
DA:39,13
DA:40,13
DA:41,13
DA:42,13
DA:43,13
DA:44,13
DA:45,13
DA:46,13
DA:47,13
DA:48,13
DA:49,13
DA:50,13
DA:51,13
DA:52,13
DA:53,13
DA:54,13
DA:55,1
DA:56,1
DA:57,1
DA:58,5
DA:59,1
DA:60,1
DA:61,1
DA:62,0
DA:63,1
DA:64,1
DA:65,1
LF:65
LH:62
BRDA:15,0,0,2
BRDA:19,1,0,13
BRDA:22,2,0,0
BRDA:25,3,0,2
BRDA:28,4,0,11
BRDA:31,5,0,5
BRDA:34,6,0,8
BRDA:57,7,0,5
BRF:8
BRH:7
end_of_record
TN:
SF:03-errorcount.js
FNF:0
FNH:0
DA:1,1
DA:2,1
DA:3,1
DA:4,1
DA:5,1
DA:6,1
DA:7,1
DA:8,1
DA:9,1
DA:10,1
DA:11,1
DA:12,1
DA:13,1
DA:14,11
DA:15,0
DA:16,1
DA:17,1
DA:18,1
DA:19,0
DA:20,1
DA:21,1
DA:22,1
DA:23,2
DA:24,1
DA:25,1
DA:26,1
DA:27,11
DA:28,11
DA:29,1
DA:30,1
LF:30
LH:28
BRDA:13,0,0,11
BRDA:14,1,0,0
BRDA:22,2,0,2
BRDA:26,3,0,11
BRF:4
BRH:3
end_of_record
